[2023-12-11 10:48:33 [32mINFO [0;39m restartedMain] [com.green.greengram3.Greengram3Application] [36mStarting Greengram3Application using Java 17.0.8.1 with PID 6536 (D:\2023_second\java\spring\greengram3\target\classes started by Administrator in D:\2023_second\java\spring\greengram3)[0;39m
[2023-12-11 10:48:33 [32mINFO [0;39m restartedMain] [com.green.greengram3.Greengram3Application] [36mNo active profile set, falling back to 1 default profile: "default"[0;39m
[2023-12-11 10:48:33 [32mINFO [0;39m restartedMain] [org.springframework.boot.devtools.env.DevToolsPropertyDefaultsPostProcessor] [36mDevtools property defaults active! Set 'spring.devtools.add-properties' to 'false' to disable[0;39m
[2023-12-11 10:48:33 [32mINFO [0;39m restartedMain] [org.springframework.boot.devtools.env.DevToolsPropertyDefaultsPostProcessor] [36mFor additional web related logging consider setting the 'logging.level.web' property to 'DEBUG'[0;39m
[2023-12-11 10:48:34 [32mINFO [0;39m restartedMain] [org.springframework.boot.web.embedded.tomcat.TomcatWebServer] [36mTomcat initialized with port 8082 (http)[0;39m
[2023-12-11 10:48:34 [32mINFO [0;39m restartedMain] [org.apache.coyote.http11.Http11NioProtocol] [36mInitializing ProtocolHandler ["http-nio-8082"][0;39m
[2023-12-11 10:48:34 [32mINFO [0;39m restartedMain] [org.apache.catalina.core.StandardService] [36mStarting service [Tomcat][0;39m
[2023-12-11 10:48:34 [32mINFO [0;39m restartedMain] [org.apache.catalina.core.StandardEngine] [36mStarting Servlet engine: [Apache Tomcat/10.1.16][0;39m
[2023-12-11 10:48:34 [32mINFO [0;39m restartedMain] [org.apache.catalina.core.ContainerBase.[Tomcat].[localhost].[/]] [36mInitializing Spring embedded WebApplicationContext[0;39m
[2023-12-11 10:48:34 [32mINFO [0;39m restartedMain] [org.springframework.boot.web.servlet.context.ServletWebServerApplicationContext] [36mRoot WebApplicationContext: initialization completed in 732 ms[0;39m
[2023-12-11 10:48:34 [32mINFO [0;39m restartedMain] [org.springframework.boot.autoconfigure.web.servlet.WelcomePageHandlerMapping] [36mAdding welcome page: class path resource [static/index.html][0;39m
[2023-12-11 10:48:34 [33mWARN [0;39m restartedMain] [org.springframework.boot.devtools.autoconfigure.OptionalLiveReloadServer] [36mUnable to start LiveReload server[0;39m
[2023-12-11 10:48:34 [32mINFO [0;39m restartedMain] [org.apache.coyote.http11.Http11NioProtocol] [36mStarting ProtocolHandler ["http-nio-8082"][0;39m
[2023-12-11 10:48:34 [33mWARN [0;39m restartedMain] [org.springframework.boot.web.servlet.context.AnnotationConfigServletWebServerApplicationContext] [36mException encountered during context initialization - cancelling refresh attempt: org.springframework.context.ApplicationContextException: Failed to start bean 'webServerStartStop'[0;39m
[2023-12-11 10:48:34 [32mINFO [0;39m restartedMain] [org.springframework.boot.autoconfigure.logging.ConditionEvaluationReportLogger] [36m

Error starting ApplicationContext. To display the condition evaluation report re-run your application with 'debug' enabled.[0;39m
[2023-12-11 10:48:34 [31mERROR[0;39m restartedMain] [org.springframework.boot.diagnostics.LoggingFailureAnalysisReporter] [36m

***************************
APPLICATION FAILED TO START
***************************

Description:

Web server failed to start. Port 8082 was already in use.

Action:

Identify and stop the process that's listening on port 8082 or configure this application to listen on another port.
[0;39m
[2023-12-11 10:49:09 [32mINFO [0;39m restartedMain] [com.green.greengram3.Greengram3Application] [36mStarting Greengram3Application using Java 17.0.8.1 with PID 1040 (D:\2023_second\java\spring\greengram3\target\classes started by Administrator in D:\2023_second\java\spring\greengram3)[0;39m
[2023-12-11 10:49:09 [32mINFO [0;39m restartedMain] [com.green.greengram3.Greengram3Application] [36mNo active profile set, falling back to 1 default profile: "default"[0;39m
[2023-12-11 10:49:09 [32mINFO [0;39m restartedMain] [org.springframework.boot.devtools.env.DevToolsPropertyDefaultsPostProcessor] [36mDevtools property defaults active! Set 'spring.devtools.add-properties' to 'false' to disable[0;39m
[2023-12-11 10:49:09 [32mINFO [0;39m restartedMain] [org.springframework.boot.devtools.env.DevToolsPropertyDefaultsPostProcessor] [36mFor additional web related logging consider setting the 'logging.level.web' property to 'DEBUG'[0;39m
[2023-12-11 10:49:10 [32mINFO [0;39m restartedMain] [org.springframework.boot.web.embedded.tomcat.TomcatWebServer] [36mTomcat initialized with port 8082 (http)[0;39m
[2023-12-11 10:49:10 [32mINFO [0;39m restartedMain] [org.apache.coyote.http11.Http11NioProtocol] [36mInitializing ProtocolHandler ["http-nio-8082"][0;39m
[2023-12-11 10:49:10 [32mINFO [0;39m restartedMain] [org.apache.catalina.core.StandardService] [36mStarting service [Tomcat][0;39m
[2023-12-11 10:49:10 [32mINFO [0;39m restartedMain] [org.apache.catalina.core.StandardEngine] [36mStarting Servlet engine: [Apache Tomcat/10.1.16][0;39m
[2023-12-11 10:49:10 [32mINFO [0;39m restartedMain] [org.apache.catalina.core.ContainerBase.[Tomcat].[localhost].[/]] [36mInitializing Spring embedded WebApplicationContext[0;39m
[2023-12-11 10:49:10 [32mINFO [0;39m restartedMain] [org.springframework.boot.web.servlet.context.ServletWebServerApplicationContext] [36mRoot WebApplicationContext: initialization completed in 713 ms[0;39m
[2023-12-11 10:49:10 [32mINFO [0;39m restartedMain] [org.springframework.boot.autoconfigure.web.servlet.WelcomePageHandlerMapping] [36mAdding welcome page: class path resource [static/index.html][0;39m
[2023-12-11 10:49:10 [33mWARN [0;39m restartedMain] [org.springframework.boot.devtools.autoconfigure.OptionalLiveReloadServer] [36mUnable to start LiveReload server[0;39m
[2023-12-11 10:49:10 [32mINFO [0;39m restartedMain] [org.apache.coyote.http11.Http11NioProtocol] [36mStarting ProtocolHandler ["http-nio-8082"][0;39m
[2023-12-11 10:49:10 [33mWARN [0;39m restartedMain] [org.springframework.boot.web.servlet.context.AnnotationConfigServletWebServerApplicationContext] [36mException encountered during context initialization - cancelling refresh attempt: org.springframework.context.ApplicationContextException: Failed to start bean 'webServerStartStop'[0;39m
[2023-12-11 10:49:10 [32mINFO [0;39m restartedMain] [org.springframework.boot.autoconfigure.logging.ConditionEvaluationReportLogger] [36m

Error starting ApplicationContext. To display the condition evaluation report re-run your application with 'debug' enabled.[0;39m
[2023-12-11 10:49:10 [31mERROR[0;39m restartedMain] [org.springframework.boot.diagnostics.LoggingFailureAnalysisReporter] [36m

***************************
APPLICATION FAILED TO START
***************************

Description:

Web server failed to start. Port 8082 was already in use.

Action:

Identify and stop the process that's listening on port 8082 or configure this application to listen on another port.
[0;39m
[2023-12-11 10:49:21 [32mINFO [0;39m restartedMain] [com.green.greengram3.Greengram3Application] [36mStarting Greengram3Application using Java 17.0.8.1 with PID 1552 (D:\2023_second\java\spring\greengram3\target\classes started by Administrator in D:\2023_second\java\spring\greengram3)[0;39m
[2023-12-11 10:49:21 [32mINFO [0;39m restartedMain] [com.green.greengram3.Greengram3Application] [36mNo active profile set, falling back to 1 default profile: "default"[0;39m
[2023-12-11 10:49:21 [32mINFO [0;39m restartedMain] [org.springframework.boot.devtools.env.DevToolsPropertyDefaultsPostProcessor] [36mDevtools property defaults active! Set 'spring.devtools.add-properties' to 'false' to disable[0;39m
[2023-12-11 10:49:21 [32mINFO [0;39m restartedMain] [org.springframework.boot.devtools.env.DevToolsPropertyDefaultsPostProcessor] [36mFor additional web related logging consider setting the 'logging.level.web' property to 'DEBUG'[0;39m
[2023-12-11 10:49:22 [32mINFO [0;39m restartedMain] [org.springframework.boot.web.embedded.tomcat.TomcatWebServer] [36mTomcat initialized with port 8082 (http)[0;39m
[2023-12-11 10:49:22 [32mINFO [0;39m restartedMain] [org.apache.coyote.http11.Http11NioProtocol] [36mInitializing ProtocolHandler ["http-nio-8082"][0;39m
[2023-12-11 10:49:22 [32mINFO [0;39m restartedMain] [org.apache.catalina.core.StandardService] [36mStarting service [Tomcat][0;39m
[2023-12-11 10:49:22 [32mINFO [0;39m restartedMain] [org.apache.catalina.core.StandardEngine] [36mStarting Servlet engine: [Apache Tomcat/10.1.16][0;39m
[2023-12-11 10:49:22 [32mINFO [0;39m restartedMain] [org.apache.catalina.core.ContainerBase.[Tomcat].[localhost].[/]] [36mInitializing Spring embedded WebApplicationContext[0;39m
[2023-12-11 10:49:22 [32mINFO [0;39m restartedMain] [org.springframework.boot.web.servlet.context.ServletWebServerApplicationContext] [36mRoot WebApplicationContext: initialization completed in 718 ms[0;39m
[2023-12-11 10:49:22 [32mINFO [0;39m restartedMain] [org.springframework.boot.autoconfigure.web.servlet.WelcomePageHandlerMapping] [36mAdding welcome page: class path resource [static/index.html][0;39m
[2023-12-11 10:49:23 [32mINFO [0;39m restartedMain] [org.springframework.boot.devtools.autoconfigure.OptionalLiveReloadServer] [36mLiveReload server is running on port 35729[0;39m
[2023-12-11 10:49:23 [32mINFO [0;39m restartedMain] [org.apache.coyote.http11.Http11NioProtocol] [36mStarting ProtocolHandler ["http-nio-8082"][0;39m
[2023-12-11 10:49:23 [32mINFO [0;39m restartedMain] [org.springframework.boot.web.embedded.tomcat.TomcatWebServer] [36mTomcat started on port 8082 (http) with context path ''[0;39m
[2023-12-11 10:49:23 [32mINFO [0;39m restartedMain] [com.green.greengram3.Greengram3Application] [36mStarted Greengram3Application in 1.557 seconds (process running for 1.948)[0;39m
[2023-12-11 10:49:28 [32mINFO [0;39m http-nio-8082-exec-1] [org.apache.catalina.core.ContainerBase.[Tomcat].[localhost].[/]] [36mInitializing Spring DispatcherServlet 'dispatcherServlet'[0;39m
[2023-12-11 10:49:28 [32mINFO [0;39m http-nio-8082-exec-1] [org.springframework.web.servlet.DispatcherServlet] [36mInitializing Servlet 'dispatcherServlet'[0;39m
[2023-12-11 10:49:28 [32mINFO [0;39m http-nio-8082-exec-1] [org.springframework.web.servlet.DispatcherServlet] [36mCompleted initialization in 1 ms[0;39m
[2023-12-11 10:49:28 [32mINFO [0;39m http-nio-8082-exec-8] [org.springdoc.api.AbstractOpenApiResource] [36mInit duration for springdoc-openapi is: 178 ms[0;39m
[2023-12-11 10:49:45 [32mINFO [0;39m http-nio-8082-exec-1] [com.zaxxer.hikari.HikariDataSource] [36mHikariPool-1 - Starting...[0;39m
[2023-12-11 10:49:45 [32mINFO [0;39m http-nio-8082-exec-1] [com.zaxxer.hikari.pool.HikariPool] [36mHikariPool-1 - Added connection org.mariadb.jdbc.Connection@12016f56[0;39m
[2023-12-11 10:49:45 [32mINFO [0;39m http-nio-8082-exec-1] [com.zaxxer.hikari.HikariDataSource] [36mHikariPool-1 - Start completed.[0;39m
[2023-12-11 10:50:26 [32mINFO [0;39m http-nio-8082-exec-10] [com.green.greengram3.dm.DmController] [36mdto : DmMsgSelDto(page=0, idm=2, startIdx=0, rowCount=30)[0;39m
[2023-12-11 10:50:26 [32mINFO [0;39m http-nio-8082-exec-3] [com.green.greengram3.dm.DmController] [36mdto : DmMsgSelDto(page=0, idm=2, startIdx=30, rowCount=30)[0;39m
[2023-12-11 10:50:27 [32mINFO [0;39m http-nio-8082-exec-1] [com.green.greengram3.dm.DmController] [36mdto : DmMsgSelDto(page=0, idm=2, startIdx=0, rowCount=30)[0;39m
[2023-12-11 10:50:27 [32mINFO [0;39m http-nio-8082-exec-5] [com.green.greengram3.dm.DmController] [36mdto : DmMsgSelDto(page=0, idm=2, startIdx=30, rowCount=30)[0;39m
[2023-12-11 10:50:27 [32mINFO [0;39m http-nio-8082-exec-9] [com.green.greengram3.dm.DmController] [36mdto : DmMsgSelDto(page=0, idm=1, startIdx=0, rowCount=30)[0;39m
[2023-12-11 10:50:27 [32mINFO [0;39m http-nio-8082-exec-4] [com.green.greengram3.dm.DmController] [36mdto : DmMsgSelDto(page=0, idm=1, startIdx=30, rowCount=30)[0;39m
[2023-12-11 10:50:29 [32mINFO [0;39m http-nio-8082-exec-3] [com.green.greengram3.dm.DmController] [36mdto : DmMsgSelDto(page=0, idm=2, startIdx=0, rowCount=30)[0;39m
[2023-12-11 10:50:29 [32mINFO [0;39m http-nio-8082-exec-6] [com.green.greengram3.dm.DmController] [36mdto : DmMsgSelDto(page=0, idm=2, startIdx=30, rowCount=30)[0;39m
[2023-12-11 10:50:44 [32mINFO [0;39m http-nio-8082-exec-8] [com.green.greengram3.dm.DmController] [36mdto : DmMsgSelDto(page=0, idm=2, startIdx=0, rowCount=30)[0;39m
[2023-12-11 10:50:44 [32mINFO [0;39m http-nio-8082-exec-7] [com.green.greengram3.dm.DmController] [36mdto : DmMsgSelDto(page=0, idm=2, startIdx=30, rowCount=30)[0;39m
[2023-12-11 10:50:47 [32mINFO [0;39m http-nio-8082-exec-2] [com.green.greengram3.dm.DmController] [36mdto : DmMsgSelDto(page=0, idm=1, startIdx=0, rowCount=30)[0;39m
[2023-12-11 10:50:47 [32mINFO [0;39m http-nio-8082-exec-3] [com.green.greengram3.dm.DmController] [36mdto : DmMsgSelDto(page=0, idm=1, startIdx=30, rowCount=30)[0;39m
[2023-12-11 10:50:53 [32mINFO [0;39m http-nio-8082-exec-9] [com.green.greengram3.dm.DmController] [36mdto : DmMsgSelDto(page=0, idm=2, startIdx=0, rowCount=30)[0;39m
[2023-12-11 10:50:53 [32mINFO [0;39m http-nio-8082-exec-6] [com.green.greengram3.dm.DmController] [36mdto : DmMsgSelDto(page=0, idm=2, startIdx=30, rowCount=30)[0;39m
[2023-12-11 10:51:01 [32mINFO [0;39m http-nio-8082-exec-7] [com.green.greengram3.dm.DmController] [36mdto : DmMsgSelDto(page=0, idm=2, startIdx=0, rowCount=30)[0;39m
[2023-12-11 10:51:01 [32mINFO [0;39m http-nio-8082-exec-10] [com.green.greengram3.dm.DmController] [36mdto : DmMsgSelDto(page=0, idm=2, startIdx=30, rowCount=30)[0;39m
[2023-12-11 10:51:08 [32mINFO [0;39m http-nio-8082-exec-4] [com.green.greengram3.dm.DmController] [36mdto : DmMsgSelDto(page=0, idm=1, startIdx=0, rowCount=30)[0;39m
[2023-12-11 10:51:08 [32mINFO [0;39m http-nio-8082-exec-8] [com.green.greengram3.dm.DmController] [36mdto : DmMsgSelDto(page=0, idm=1, startIdx=30, rowCount=30)[0;39m
[2023-12-11 10:51:24 [32mINFO [0;39m http-nio-8082-exec-1] [com.green.greengram3.user.UserController] [36mdto : UserSigninDto(uid=www123, upw=www123)[0;39m
[2023-12-11 10:51:30 [32mINFO [0;39m http-nio-8082-exec-3] [com.green.greengram3.dm.DmController] [36mdto : DmMsgSelDto(page=0, idm=2, startIdx=0, rowCount=30)[0;39m
[2023-12-11 10:51:30 [32mINFO [0;39m http-nio-8082-exec-6] [com.green.greengram3.dm.DmController] [36mdto : DmMsgSelDto(page=0, idm=2, startIdx=30, rowCount=30)[0;39m
[2023-12-11 10:52:11 [33mWARN [0;39m http-nio-8082-exec-5] [org.mariadb.jdbc.message.server.ErrorPacket] [36mError: 1064-42000: You have an error in your SQL syntax; check the manual that corresponds to your MariaDB server version for the right syntax to use near ' seq = 3
        , iuser = 1' at line 3[0;39m
[2023-12-11 10:52:11 [31mERROR[0;39m http-nio-8082-exec-5] [org.apache.catalina.core.ContainerBase.[Tomcat].[localhost].[/].[dispatcherServlet]] [36mServlet.service() for servlet [dispatcherServlet] in context with path [] threw exception [Request processing failed: org.springframework.jdbc.BadSqlGrammarException: 
### Error updating database.  Cause: java.sql.SQLSyntaxErrorException: (conn=14) You have an error in your SQL syntax; check the manual that corresponds to your MariaDB server version for the right syntax to use near ' seq = 3
        , iuser = 1' at line 3
### The error may exist in file [D:\2023_second\java\spring\greengram3\target\classes\mappers\DmMapper.xml]
### The error may involve defaultParameterMap
### The error occurred while setting parameters
### SQL: DELETE FROM t_dm_msg         WHERE idm = ?         , seq = ?         , iuser = ?
### Cause: java.sql.SQLSyntaxErrorException: (conn=14) You have an error in your SQL syntax; check the manual that corresponds to your MariaDB server version for the right syntax to use near ' seq = 3
        , iuser = 1' at line 3
; bad SQL grammar []] with root cause[0;39m
java.sql.SQLSyntaxErrorException: (conn=14) You have an error in your SQL syntax; check the manual that corresponds to your MariaDB server version for the right syntax to use near ' seq = 3
        , iuser = 1' at line 3
	at org.mariadb.jdbc.export.ExceptionFactory.createException(ExceptionFactory.java:282)
	at org.mariadb.jdbc.export.ExceptionFactory.create(ExceptionFactory.java:370)
	at org.mariadb.jdbc.message.ClientMessage.readPacket(ClientMessage.java:134)
	at org.mariadb.jdbc.client.impl.StandardClient.readPacket(StandardClient.java:883)
	at org.mariadb.jdbc.client.impl.StandardClient.readResults(StandardClient.java:822)
	at org.mariadb.jdbc.client.impl.StandardClient.readResponse(StandardClient.java:741)
	at org.mariadb.jdbc.client.impl.StandardClient.execute(StandardClient.java:665)
	at org.mariadb.jdbc.ClientPreparedStatement.executeInternal(ClientPreparedStatement.java:92)
	at org.mariadb.jdbc.ClientPreparedStatement.execute(ClientPreparedStatement.java:271)
	at com.zaxxer.hikari.pool.ProxyPreparedStatement.execute(ProxyPreparedStatement.java:44)
	at com.zaxxer.hikari.pool.HikariProxyPreparedStatement.execute(HikariProxyPreparedStatement.java)
	at org.apache.ibatis.executor.statement.PreparedStatementHandler.update(PreparedStatementHandler.java:48)
	at org.apache.ibatis.executor.statement.RoutingStatementHandler.update(RoutingStatementHandler.java:75)
	at org.apache.ibatis.executor.SimpleExecutor.doUpdate(SimpleExecutor.java:50)
	at org.apache.ibatis.executor.BaseExecutor.update(BaseExecutor.java:117)
	at org.apache.ibatis.executor.CachingExecutor.update(CachingExecutor.java:76)
	at org.apache.ibatis.session.defaults.DefaultSqlSession.update(DefaultSqlSession.java:197)
	at org.apache.ibatis.session.defaults.DefaultSqlSession.delete(DefaultSqlSession.java:212)
	at java.base/jdk.internal.reflect.NativeMethodAccessorImpl.invoke0(Native Method)
	at java.base/jdk.internal.reflect.NativeMethodAccessorImpl.invoke(NativeMethodAccessorImpl.java:77)
	at java.base/jdk.internal.reflect.DelegatingMethodAccessorImpl.invoke(DelegatingMethodAccessorImpl.java:43)
	at java.base/java.lang.reflect.Method.invoke(Method.java:568)
	at org.mybatis.spring.SqlSessionTemplate$SqlSessionInterceptor.invoke(SqlSessionTemplate.java:425)
	at jdk.proxy2/jdk.proxy2.$Proxy77.delete(Unknown Source)
	at org.mybatis.spring.SqlSessionTemplate.delete(SqlSessionTemplate.java:304)
	at org.apache.ibatis.binding.MapperMethod.execute(MapperMethod.java:72)
	at org.apache.ibatis.binding.MapperProxy$PlainMethodInvoker.invoke(MapperProxy.java:141)
	at org.apache.ibatis.binding.MapperProxy.invoke(MapperProxy.java:86)
	at jdk.proxy3/jdk.proxy3.$Proxy78.delDmMsg(Unknown Source)
	at com.green.greengram3.dm.DmService.delDmMsg(DmService.java:34)
	at com.green.greengram3.dm.DmController.delDmMsg(DmController.java:41)
	at java.base/jdk.internal.reflect.NativeMethodAccessorImpl.invoke0(Native Method)
	at java.base/jdk.internal.reflect.NativeMethodAccessorImpl.invoke(NativeMethodAccessorImpl.java:77)
	at java.base/jdk.internal.reflect.DelegatingMethodAccessorImpl.invoke(DelegatingMethodAccessorImpl.java:43)
	at java.base/java.lang.reflect.Method.invoke(Method.java:568)
	at org.springframework.web.method.support.InvocableHandlerMethod.doInvoke(InvocableHandlerMethod.java:254)
	at org.springframework.web.method.support.InvocableHandlerMethod.invokeForRequest(InvocableHandlerMethod.java:182)
	at org.springframework.web.servlet.mvc.method.annotation.ServletInvocableHandlerMethod.invokeAndHandle(ServletInvocableHandlerMethod.java:118)
	at org.springframework.web.servlet.mvc.method.annotation.RequestMappingHandlerAdapter.invokeHandlerMethod(RequestMappingHandlerAdapter.java:917)
	at org.springframework.web.servlet.mvc.method.annotation.RequestMappingHandlerAdapter.handleInternal(RequestMappingHandlerAdapter.java:829)
	at org.springframework.web.servlet.mvc.method.AbstractHandlerMethodAdapter.handle(AbstractHandlerMethodAdapter.java:87)
	at org.springframework.web.servlet.DispatcherServlet.doDispatch(DispatcherServlet.java:1089)
	at org.springframework.web.servlet.DispatcherServlet.doService(DispatcherServlet.java:979)
	at org.springframework.web.servlet.FrameworkServlet.processRequest(FrameworkServlet.java:1014)
	at org.springframework.web.servlet.FrameworkServlet.doDelete(FrameworkServlet.java:936)
	at jakarta.servlet.http.HttpServlet.service(HttpServlet.java:596)
	at org.springframework.web.servlet.FrameworkServlet.service(FrameworkServlet.java:885)
	at jakarta.servlet.http.HttpServlet.service(HttpServlet.java:658)
	at org.apache.catalina.core.ApplicationFilterChain.internalDoFilter(ApplicationFilterChain.java:205)
	at org.apache.catalina.core.ApplicationFilterChain.doFilter(ApplicationFilterChain.java:149)
	at org.apache.tomcat.websocket.server.WsFilter.doFilter(WsFilter.java:51)
	at org.apache.catalina.core.ApplicationFilterChain.internalDoFilter(ApplicationFilterChain.java:174)
	at org.apache.catalina.core.ApplicationFilterChain.doFilter(ApplicationFilterChain.java:149)
	at org.springframework.web.filter.RequestContextFilter.doFilterInternal(RequestContextFilter.java:100)
	at org.springframework.web.filter.OncePerRequestFilter.doFilter(OncePerRequestFilter.java:116)
	at org.apache.catalina.core.ApplicationFilterChain.internalDoFilter(ApplicationFilterChain.java:174)
	at org.apache.catalina.core.ApplicationFilterChain.doFilter(ApplicationFilterChain.java:149)
	at org.springframework.web.filter.FormContentFilter.doFilterInternal(FormContentFilter.java:93)
	at org.springframework.web.filter.OncePerRequestFilter.doFilter(OncePerRequestFilter.java:116)
	at org.apache.catalina.core.ApplicationFilterChain.internalDoFilter(ApplicationFilterChain.java:174)
	at org.apache.catalina.core.ApplicationFilterChain.doFilter(ApplicationFilterChain.java:149)
	at org.springframework.web.filter.CharacterEncodingFilter.doFilterInternal(CharacterEncodingFilter.java:201)
	at org.springframework.web.filter.OncePerRequestFilter.doFilter(OncePerRequestFilter.java:116)
	at org.apache.catalina.core.ApplicationFilterChain.internalDoFilter(ApplicationFilterChain.java:174)
	at org.apache.catalina.core.ApplicationFilterChain.doFilter(ApplicationFilterChain.java:149)
	at org.apache.catalina.core.StandardWrapperValve.invoke(StandardWrapperValve.java:167)
	at org.apache.catalina.core.StandardContextValve.invoke(StandardContextValve.java:90)
	at org.apache.catalina.authenticator.AuthenticatorBase.invoke(AuthenticatorBase.java:482)
	at org.apache.catalina.core.StandardHostValve.invoke(StandardHostValve.java:115)
	at org.apache.catalina.valves.ErrorReportValve.invoke(ErrorReportValve.java:93)
	at org.apache.catalina.core.StandardEngineValve.invoke(StandardEngineValve.java:74)
	at org.apache.catalina.connector.CoyoteAdapter.service(CoyoteAdapter.java:340)
	at org.apache.coyote.http11.Http11Processor.service(Http11Processor.java:391)
	at org.apache.coyote.AbstractProcessorLight.process(AbstractProcessorLight.java:63)
	at org.apache.coyote.AbstractProtocol$ConnectionHandler.process(AbstractProtocol.java:896)
	at org.apache.tomcat.util.net.NioEndpoint$SocketProcessor.doRun(NioEndpoint.java:1744)
	at org.apache.tomcat.util.net.SocketProcessorBase.run(SocketProcessorBase.java:52)
	at org.apache.tomcat.util.threads.ThreadPoolExecutor.runWorker(ThreadPoolExecutor.java:1191)
	at org.apache.tomcat.util.threads.ThreadPoolExecutor$Worker.run(ThreadPoolExecutor.java:659)
	at org.apache.tomcat.util.threads.TaskThread$WrappingRunnable.run(TaskThread.java:61)
	at java.base/java.lang.Thread.run(Thread.java:833)
[2023-12-11 10:53:17 [32mINFO [0;39m SpringApplicationShutdownHook] [com.zaxxer.hikari.HikariDataSource] [36mHikariPool-1 - Shutdown initiated...[0;39m
[2023-12-11 10:53:17 [32mINFO [0;39m SpringApplicationShutdownHook] [com.zaxxer.hikari.HikariDataSource] [36mHikariPool-1 - Shutdown completed.[0;39m
[2023-12-11 10:53:18 [32mINFO [0;39m restartedMain] [com.green.greengram3.Greengram3Application] [36mStarting Greengram3Application using Java 17.0.8.1 with PID 3440 (D:\2023_second\java\spring\greengram3\target\classes started by Administrator in D:\2023_second\java\spring\greengram3)[0;39m
[2023-12-11 10:53:18 [32mINFO [0;39m restartedMain] [com.green.greengram3.Greengram3Application] [36mNo active profile set, falling back to 1 default profile: "default"[0;39m
[2023-12-11 10:53:18 [32mINFO [0;39m restartedMain] [org.springframework.boot.devtools.env.DevToolsPropertyDefaultsPostProcessor] [36mDevtools property defaults active! Set 'spring.devtools.add-properties' to 'false' to disable[0;39m
[2023-12-11 10:53:18 [32mINFO [0;39m restartedMain] [org.springframework.boot.devtools.env.DevToolsPropertyDefaultsPostProcessor] [36mFor additional web related logging consider setting the 'logging.level.web' property to 'DEBUG'[0;39m
[2023-12-11 10:53:19 [32mINFO [0;39m restartedMain] [org.springframework.boot.web.embedded.tomcat.TomcatWebServer] [36mTomcat initialized with port 8082 (http)[0;39m
[2023-12-11 10:53:19 [32mINFO [0;39m restartedMain] [org.apache.coyote.http11.Http11NioProtocol] [36mInitializing ProtocolHandler ["http-nio-8082"][0;39m
[2023-12-11 10:53:19 [32mINFO [0;39m restartedMain] [org.apache.catalina.core.StandardService] [36mStarting service [Tomcat][0;39m
[2023-12-11 10:53:19 [32mINFO [0;39m restartedMain] [org.apache.catalina.core.StandardEngine] [36mStarting Servlet engine: [Apache Tomcat/10.1.16][0;39m
[2023-12-11 10:53:19 [32mINFO [0;39m restartedMain] [org.apache.catalina.core.ContainerBase.[Tomcat].[localhost].[/]] [36mInitializing Spring embedded WebApplicationContext[0;39m
[2023-12-11 10:53:19 [32mINFO [0;39m restartedMain] [org.springframework.boot.web.servlet.context.ServletWebServerApplicationContext] [36mRoot WebApplicationContext: initialization completed in 721 ms[0;39m
[2023-12-11 10:53:19 [32mINFO [0;39m restartedMain] [org.springframework.boot.autoconfigure.web.servlet.WelcomePageHandlerMapping] [36mAdding welcome page: class path resource [static/index.html][0;39m
[2023-12-11 10:53:19 [32mINFO [0;39m restartedMain] [org.springframework.boot.devtools.autoconfigure.OptionalLiveReloadServer] [36mLiveReload server is running on port 35729[0;39m
[2023-12-11 10:53:19 [32mINFO [0;39m restartedMain] [org.apache.coyote.http11.Http11NioProtocol] [36mStarting ProtocolHandler ["http-nio-8082"][0;39m
[2023-12-11 10:53:19 [32mINFO [0;39m restartedMain] [org.springframework.boot.web.embedded.tomcat.TomcatWebServer] [36mTomcat started on port 8082 (http) with context path ''[0;39m
[2023-12-11 10:53:19 [32mINFO [0;39m restartedMain] [com.green.greengram3.Greengram3Application] [36mStarted Greengram3Application in 1.572 seconds (process running for 1.95)[0;39m
[2023-12-11 10:53:24 [32mINFO [0;39m http-nio-8082-exec-1] [org.apache.catalina.core.ContainerBase.[Tomcat].[localhost].[/]] [36mInitializing Spring DispatcherServlet 'dispatcherServlet'[0;39m
[2023-12-11 10:53:24 [32mINFO [0;39m http-nio-8082-exec-1] [org.springframework.web.servlet.DispatcherServlet] [36mInitializing Servlet 'dispatcherServlet'[0;39m
[2023-12-11 10:53:24 [32mINFO [0;39m http-nio-8082-exec-1] [org.springframework.web.servlet.DispatcherServlet] [36mCompleted initialization in 1 ms[0;39m
[2023-12-11 10:53:24 [32mINFO [0;39m http-nio-8082-exec-9] [org.springdoc.api.AbstractOpenApiResource] [36mInit duration for springdoc-openapi is: 177 ms[0;39m
[2023-12-11 10:53:32 [32mINFO [0;39m http-nio-8082-exec-5] [com.zaxxer.hikari.HikariDataSource] [36mHikariPool-1 - Starting...[0;39m
[2023-12-11 10:53:32 [32mINFO [0;39m http-nio-8082-exec-5] [com.zaxxer.hikari.pool.HikariPool] [36mHikariPool-1 - Added connection org.mariadb.jdbc.Connection@592878e6[0;39m
[2023-12-11 10:53:32 [32mINFO [0;39m http-nio-8082-exec-5] [com.zaxxer.hikari.HikariDataSource] [36mHikariPool-1 - Start completed.[0;39m
[2023-12-11 10:53:48 [32mINFO [0;39m http-nio-8082-exec-1] [com.green.greengram3.dm.DmController] [36mdto : DmMsgSelDto(page=0, idm=2, startIdx=0, rowCount=30)[0;39m
[2023-12-11 10:53:48 [32mINFO [0;39m http-nio-8082-exec-6] [com.green.greengram3.dm.DmController] [36mdto : DmMsgSelDto(page=0, idm=2, startIdx=30, rowCount=30)[0;39m
[2023-12-11 10:54:13 [32mINFO [0;39m File Watcher] [org.springframework.boot.devtools.autoconfigure.LocalDevToolsAutoConfiguration$RestartingClassPathChangeChangedEventListener] [36mRestarting due to 1 class path change (0 additions, 0 deletions, 1 modification)[0;39m
[2023-12-11 10:54:13 [32mINFO [0;39m Thread-5] [org.apache.coyote.http11.Http11NioProtocol] [36mStopping ProtocolHandler ["http-nio-8082"][0;39m
[2023-12-11 10:54:13 [32mINFO [0;39m Thread-5] [com.zaxxer.hikari.HikariDataSource] [36mHikariPool-1 - Shutdown initiated...[0;39m
[2023-12-11 10:54:13 [32mINFO [0;39m Thread-5] [com.zaxxer.hikari.HikariDataSource] [36mHikariPool-1 - Shutdown completed.[0;39m
[2023-12-11 10:54:13 [32mINFO [0;39m restartedMain] [com.green.greengram3.Greengram3Application] [36mStarting Greengram3Application using Java 17.0.8.1 with PID 3440 (D:\2023_second\java\spring\greengram3\target\classes started by Administrator in D:\2023_second\java\spring\greengram3)[0;39m
[2023-12-11 10:54:13 [32mINFO [0;39m restartedMain] [com.green.greengram3.Greengram3Application] [36mNo active profile set, falling back to 1 default profile: "default"[0;39m
[2023-12-11 10:54:13 [32mINFO [0;39m restartedMain] [org.springframework.boot.web.embedded.tomcat.TomcatWebServer] [36mTomcat initialized with port 8082 (http)[0;39m
[2023-12-11 10:54:13 [32mINFO [0;39m restartedMain] [org.apache.coyote.http11.Http11NioProtocol] [36mInitializing ProtocolHandler ["http-nio-8082"][0;39m
[2023-12-11 10:54:13 [32mINFO [0;39m restartedMain] [org.apache.catalina.core.StandardService] [36mStarting service [Tomcat][0;39m
[2023-12-11 10:54:13 [32mINFO [0;39m restartedMain] [org.apache.catalina.core.StandardEngine] [36mStarting Servlet engine: [Apache Tomcat/10.1.16][0;39m
[2023-12-11 10:54:13 [32mINFO [0;39m restartedMain] [org.apache.catalina.core.ContainerBase.[Tomcat].[localhost].[/]] [36mInitializing Spring embedded WebApplicationContext[0;39m
[2023-12-11 10:54:13 [32mINFO [0;39m restartedMain] [org.springframework.boot.web.servlet.context.ServletWebServerApplicationContext] [36mRoot WebApplicationContext: initialization completed in 178 ms[0;39m
[2023-12-11 10:54:13 [32mINFO [0;39m restartedMain] [org.springframework.boot.autoconfigure.web.servlet.WelcomePageHandlerMapping] [36mAdding welcome page: class path resource [static/index.html][0;39m
[2023-12-11 10:54:13 [32mINFO [0;39m restartedMain] [org.springframework.boot.devtools.autoconfigure.OptionalLiveReloadServer] [36mLiveReload server is running on port 35729[0;39m
[2023-12-11 10:54:13 [32mINFO [0;39m restartedMain] [org.apache.coyote.http11.Http11NioProtocol] [36mStarting ProtocolHandler ["http-nio-8082"][0;39m
[2023-12-11 10:54:13 [32mINFO [0;39m restartedMain] [org.springframework.boot.web.embedded.tomcat.TomcatWebServer] [36mTomcat started on port 8082 (http) with context path ''[0;39m
[2023-12-11 10:54:13 [32mINFO [0;39m restartedMain] [com.green.greengram3.Greengram3Application] [36mStarted Greengram3Application in 0.327 seconds (process running for 55.919)[0;39m
[2023-12-11 10:54:13 [32mINFO [0;39m restartedMain] [org.springframework.boot.devtools.autoconfigure.ConditionEvaluationDeltaLoggingListener] [36mCondition evaluation unchanged[0;39m
[2023-12-11 13:15:21 [32mINFO [0;39m restartedMain] [com.green.greengram3.Greengram3Application] [36mStarting Greengram3Application using Java 17.0.8.1 with PID 10880 (D:\2023_second\java\spring\greengram3\target\classes started by Administrator in D:\2023_second\java\spring\greengram3)[0;39m
[2023-12-11 13:15:21 [32mINFO [0;39m restartedMain] [com.green.greengram3.Greengram3Application] [36mNo active profile set, falling back to 1 default profile: "default"[0;39m
[2023-12-11 13:15:21 [32mINFO [0;39m restartedMain] [org.springframework.boot.devtools.env.DevToolsPropertyDefaultsPostProcessor] [36mDevtools property defaults active! Set 'spring.devtools.add-properties' to 'false' to disable[0;39m
[2023-12-11 13:15:21 [32mINFO [0;39m restartedMain] [org.springframework.boot.devtools.env.DevToolsPropertyDefaultsPostProcessor] [36mFor additional web related logging consider setting the 'logging.level.web' property to 'DEBUG'[0;39m
[2023-12-11 13:15:21 [32mINFO [0;39m restartedMain] [org.springframework.boot.web.embedded.tomcat.TomcatWebServer] [36mTomcat initialized with port 8082 (http)[0;39m
[2023-12-11 13:15:21 [32mINFO [0;39m restartedMain] [org.apache.coyote.http11.Http11NioProtocol] [36mInitializing ProtocolHandler ["http-nio-8082"][0;39m
[2023-12-11 13:15:21 [32mINFO [0;39m restartedMain] [org.apache.catalina.core.StandardService] [36mStarting service [Tomcat][0;39m
[2023-12-11 13:15:21 [32mINFO [0;39m restartedMain] [org.apache.catalina.core.StandardEngine] [36mStarting Servlet engine: [Apache Tomcat/10.1.16][0;39m
[2023-12-11 13:15:21 [32mINFO [0;39m restartedMain] [org.apache.catalina.core.ContainerBase.[Tomcat].[localhost].[/]] [36mInitializing Spring embedded WebApplicationContext[0;39m
[2023-12-11 13:15:21 [32mINFO [0;39m restartedMain] [org.springframework.boot.web.servlet.context.ServletWebServerApplicationContext] [36mRoot WebApplicationContext: initialization completed in 761 ms[0;39m
[2023-12-11 13:15:22 [32mINFO [0;39m restartedMain] [org.springframework.boot.autoconfigure.web.servlet.WelcomePageHandlerMapping] [36mAdding welcome page: class path resource [static/index.html][0;39m
[2023-12-11 13:15:22 [32mINFO [0;39m restartedMain] [org.springframework.boot.devtools.autoconfigure.OptionalLiveReloadServer] [36mLiveReload server is running on port 35729[0;39m
[2023-12-11 13:15:22 [32mINFO [0;39m restartedMain] [org.apache.coyote.http11.Http11NioProtocol] [36mStarting ProtocolHandler ["http-nio-8082"][0;39m
[2023-12-11 13:15:22 [32mINFO [0;39m restartedMain] [org.springframework.boot.web.embedded.tomcat.TomcatWebServer] [36mTomcat started on port 8082 (http) with context path ''[0;39m
[2023-12-11 13:15:22 [32mINFO [0;39m restartedMain] [com.green.greengram3.Greengram3Application] [36mStarted Greengram3Application in 1.653 seconds (process running for 2.035)[0;39m
[2023-12-11 13:15:23 [32mINFO [0;39m http-nio-8082-exec-1] [org.apache.catalina.core.ContainerBase.[Tomcat].[localhost].[/]] [36mInitializing Spring DispatcherServlet 'dispatcherServlet'[0;39m
[2023-12-11 13:15:23 [32mINFO [0;39m http-nio-8082-exec-1] [org.springframework.web.servlet.DispatcherServlet] [36mInitializing Servlet 'dispatcherServlet'[0;39m
[2023-12-11 13:15:23 [32mINFO [0;39m http-nio-8082-exec-1] [org.springframework.web.servlet.DispatcherServlet] [36mCompleted initialization in 1 ms[0;39m
[2023-12-11 13:15:23 [32mINFO [0;39m http-nio-8082-exec-5] [com.zaxxer.hikari.HikariDataSource] [36mHikariPool-1 - Starting...[0;39m
[2023-12-11 13:15:23 [32mINFO [0;39m http-nio-8082-exec-5] [com.zaxxer.hikari.pool.HikariPool] [36mHikariPool-1 - Added connection org.mariadb.jdbc.Connection@6b32b3ab[0;39m
[2023-12-11 13:15:23 [32mINFO [0;39m http-nio-8082-exec-5] [com.zaxxer.hikari.HikariDataSource] [36mHikariPool-1 - Start completed.[0;39m
[2023-12-11 13:15:41 [32mINFO [0;39m http-nio-8082-exec-5] [com.green.greengram3.dm.DmController] [36mdto : DmMsgSelDto(page=0, idm=2, startIdx=0, rowCount=30)[0;39m
[2023-12-11 13:15:41 [32mINFO [0;39m http-nio-8082-exec-10] [com.green.greengram3.dm.DmController] [36mdto : DmMsgSelDto(page=0, idm=2, startIdx=30, rowCount=30)[0;39m
[2023-12-11 13:15:46 [32mINFO [0;39m http-nio-8082-exec-3] [com.green.greengram3.dm.DmController] [36mdto : DmMsgSelDto(page=0, idm=2, startIdx=0, rowCount=30)[0;39m
[2023-12-11 13:15:46 [32mINFO [0;39m http-nio-8082-exec-2] [com.green.greengram3.dm.DmController] [36mdto : DmMsgSelDto(page=0, idm=2, startIdx=30, rowCount=30)[0;39m
[2023-12-11 13:15:55 [32mINFO [0;39m http-nio-8082-exec-8] [com.green.greengram3.dm.DmController] [36mdto : DmMsgSelDto(page=0, idm=2, startIdx=0, rowCount=30)[0;39m
[2023-12-11 13:15:55 [32mINFO [0;39m http-nio-8082-exec-1] [com.green.greengram3.dm.DmController] [36mdto : DmMsgSelDto(page=0, idm=2, startIdx=30, rowCount=30)[0;39m
[2023-12-11 13:16:22 [32mINFO [0;39m http-nio-8082-exec-9] [com.green.greengram3.dm.DmController] [36mdto : DmMsgSelDto(page=0, idm=2, startIdx=0, rowCount=30)[0;39m
[2023-12-11 13:16:22 [32mINFO [0;39m http-nio-8082-exec-2] [com.green.greengram3.dm.DmController] [36mdto : DmMsgSelDto(page=0, idm=2, startIdx=30, rowCount=30)[0;39m
[2023-12-11 13:16:52 [32mINFO [0;39m http-nio-8082-exec-9] [com.green.greengram3.dm.DmController] [36mdto : DmMsgSelDto(page=0, idm=2, startIdx=0, rowCount=30)[0;39m
[2023-12-11 13:16:52 [32mINFO [0;39m http-nio-8082-exec-1] [com.green.greengram3.dm.DmController] [36mdto : DmMsgSelDto(page=0, idm=2, startIdx=30, rowCount=30)[0;39m
[2023-12-11 13:19:34 [32mINFO [0;39m File Watcher] [org.springframework.boot.devtools.autoconfigure.LocalDevToolsAutoConfiguration$RestartingClassPathChangeChangedEventListener] [36mRestarting due to 1 class path change (0 additions, 1 deletion, 0 modifications)[0;39m
[2023-12-11 13:19:34 [32mINFO [0;39m Thread-5] [org.apache.coyote.http11.Http11NioProtocol] [36mStopping ProtocolHandler ["http-nio-8082"][0;39m
[2023-12-11 13:19:34 [32mINFO [0;39m Thread-5] [com.zaxxer.hikari.HikariDataSource] [36mHikariPool-1 - Shutdown initiated...[0;39m
[2023-12-11 13:19:34 [32mINFO [0;39m Thread-5] [com.zaxxer.hikari.HikariDataSource] [36mHikariPool-1 - Shutdown completed.[0;39m
[2023-12-11 13:19:34 [32mINFO [0;39m restartedMain] [com.green.greengram3.Greengram3Application] [36mStarting Greengram3Application using Java 17.0.8.1 with PID 10880 (D:\2023_second\java\spring\greengram3\target\classes started by Administrator in D:\2023_second\java\spring\greengram3)[0;39m
[2023-12-11 13:19:34 [32mINFO [0;39m restartedMain] [com.green.greengram3.Greengram3Application] [36mNo active profile set, falling back to 1 default profile: "default"[0;39m
[2023-12-11 13:19:34 [32mINFO [0;39m restartedMain] [org.springframework.boot.web.embedded.tomcat.TomcatWebServer] [36mTomcat initialized with port 8082 (http)[0;39m
[2023-12-11 13:19:34 [32mINFO [0;39m restartedMain] [org.apache.coyote.http11.Http11NioProtocol] [36mInitializing ProtocolHandler ["http-nio-8082"][0;39m
[2023-12-11 13:19:34 [32mINFO [0;39m restartedMain] [org.apache.catalina.core.StandardService] [36mStarting service [Tomcat][0;39m
[2023-12-11 13:19:34 [32mINFO [0;39m restartedMain] [org.apache.catalina.core.StandardEngine] [36mStarting Servlet engine: [Apache Tomcat/10.1.16][0;39m
[2023-12-11 13:19:34 [32mINFO [0;39m restartedMain] [org.apache.catalina.core.ContainerBase.[Tomcat].[localhost].[/]] [36mInitializing Spring embedded WebApplicationContext[0;39m
[2023-12-11 13:19:34 [32mINFO [0;39m restartedMain] [org.springframework.boot.web.servlet.context.ServletWebServerApplicationContext] [36mRoot WebApplicationContext: initialization completed in 212 ms[0;39m
[2023-12-11 13:19:34 [32mINFO [0;39m restartedMain] [org.springframework.boot.autoconfigure.web.servlet.WelcomePageHandlerMapping] [36mAdding welcome page: class path resource [static/index.html][0;39m
[2023-12-11 13:19:34 [32mINFO [0;39m restartedMain] [org.springframework.boot.devtools.autoconfigure.OptionalLiveReloadServer] [36mLiveReload server is running on port 35729[0;39m
[2023-12-11 13:19:34 [32mINFO [0;39m restartedMain] [org.apache.coyote.http11.Http11NioProtocol] [36mStarting ProtocolHandler ["http-nio-8082"][0;39m
[2023-12-11 13:19:34 [32mINFO [0;39m restartedMain] [org.springframework.boot.web.embedded.tomcat.TomcatWebServer] [36mTomcat started on port 8082 (http) with context path ''[0;39m
[2023-12-11 13:19:34 [32mINFO [0;39m restartedMain] [com.green.greengram3.Greengram3Application] [36mStarted Greengram3Application in 0.404 seconds (process running for 254.513)[0;39m
[2023-12-11 13:19:34 [32mINFO [0;39m restartedMain] [org.springframework.boot.devtools.autoconfigure.ConditionEvaluationDeltaLoggingListener] [36mCondition evaluation unchanged[0;39m
[2023-12-11 13:19:36 [32mINFO [0;39m File Watcher] [org.springframework.boot.devtools.autoconfigure.LocalDevToolsAutoConfiguration$RestartingClassPathChangeChangedEventListener] [36mRestarting due to 1 class path change (1 addition, 0 deletions, 0 modifications)[0;39m
[2023-12-11 13:19:36 [32mINFO [0;39m Thread-7] [org.apache.coyote.http11.Http11NioProtocol] [36mStopping ProtocolHandler ["http-nio-8082"][0;39m
[2023-12-11 13:19:36 [32mINFO [0;39m restartedMain] [com.green.greengram3.Greengram3Application] [36mStarting Greengram3Application using Java 17.0.8.1 with PID 10880 (D:\2023_second\java\spring\greengram3\target\classes started by Administrator in D:\2023_second\java\spring\greengram3)[0;39m
[2023-12-11 13:19:36 [32mINFO [0;39m restartedMain] [com.green.greengram3.Greengram3Application] [36mNo active profile set, falling back to 1 default profile: "default"[0;39m
[2023-12-11 13:19:36 [32mINFO [0;39m restartedMain] [org.springframework.boot.web.embedded.tomcat.TomcatWebServer] [36mTomcat initialized with port 8082 (http)[0;39m
[2023-12-11 13:19:36 [32mINFO [0;39m restartedMain] [org.apache.coyote.http11.Http11NioProtocol] [36mInitializing ProtocolHandler ["http-nio-8082"][0;39m
[2023-12-11 13:19:36 [32mINFO [0;39m restartedMain] [org.apache.catalina.core.StandardService] [36mStarting service [Tomcat][0;39m
[2023-12-11 13:19:36 [32mINFO [0;39m restartedMain] [org.apache.catalina.core.StandardEngine] [36mStarting Servlet engine: [Apache Tomcat/10.1.16][0;39m
[2023-12-11 13:19:36 [32mINFO [0;39m restartedMain] [org.apache.catalina.core.ContainerBase.[Tomcat].[localhost].[/]] [36mInitializing Spring embedded WebApplicationContext[0;39m
[2023-12-11 13:19:36 [32mINFO [0;39m restartedMain] [org.springframework.boot.web.servlet.context.ServletWebServerApplicationContext] [36mRoot WebApplicationContext: initialization completed in 166 ms[0;39m
[2023-12-11 13:19:36 [32mINFO [0;39m restartedMain] [org.springframework.boot.autoconfigure.web.servlet.WelcomePageHandlerMapping] [36mAdding welcome page: class path resource [static/index.html][0;39m
[2023-12-11 13:19:36 [32mINFO [0;39m restartedMain] [org.springframework.boot.devtools.autoconfigure.OptionalLiveReloadServer] [36mLiveReload server is running on port 35729[0;39m
[2023-12-11 13:19:36 [32mINFO [0;39m restartedMain] [org.apache.coyote.http11.Http11NioProtocol] [36mStarting ProtocolHandler ["http-nio-8082"][0;39m
[2023-12-11 13:19:36 [32mINFO [0;39m restartedMain] [org.springframework.boot.web.embedded.tomcat.TomcatWebServer] [36mTomcat started on port 8082 (http) with context path ''[0;39m
[2023-12-11 13:19:36 [32mINFO [0;39m restartedMain] [com.green.greengram3.Greengram3Application] [36mStarted Greengram3Application in 0.314 seconds (process running for 256.327)[0;39m
[2023-12-11 13:19:36 [32mINFO [0;39m restartedMain] [org.springframework.boot.devtools.autoconfigure.ConditionEvaluationDeltaLoggingListener] [36mCondition evaluation unchanged[0;39m
